0 info it worked if it ends with ok
1 verbose cli [ '/Users/aizawa/.nvm/versions/node/v6.2.2/bin/node',
1 verbose cli   '/Users/aizawa/.nvm/versions/node/v6.2.2/bin/npm',
1 verbose cli   'run',
1 verbose cli   'watch' ]
2 info using npm@3.9.5
3 info using node@v6.2.2
4 verbose run-script [ 'prewatch', 'watch', 'postwatch' ]
5 info lifecycle kamashin_frontend_example@1.0.0~prewatch: kamashin_frontend_example@1.0.0
6 silly lifecycle kamashin_frontend_example@1.0.0~prewatch: no script for prewatch, continuing
7 info lifecycle kamashin_frontend_example@1.0.0~watch: kamashin_frontend_example@1.0.0
8 verbose lifecycle kamashin_frontend_example@1.0.0~watch: unsafe-perm in lifecycle true
9 verbose lifecycle kamashin_frontend_example@1.0.0~watch: PATH: /Users/aizawa/.nvm/versions/node/v6.2.2/lib/node_modules/npm/bin/node-gyp-bin:/Users/aizawa/dev/kamakura_front/node_modules/.bin:/Users/aizawa/.nvm/versions/node/v6.2.2/bin:/Users/aizawa/.rvm/gems/ruby-2.3.1/bin:/Users/aizawa/.rvm/gems/ruby-2.3.1@global/bin:/Users/aizawa/.rvm/rubies/ruby-2.3.1/bin:/Users/aizawa/google-cloud-sdk/bin:/Users/aizawa/.pyenv/shims:/Users/aizawa/.pyenv/shims:/Users/aizawa/.nvm/versions/node/v6.2.2/bin:/usr/local/bin:/usr/bin:/bin:/usr/sbin:/sbin:/Users/aizawa/.rvm/bin:/usr/local/opt/go/libexec/bin:/Users/aizawa/bin
10 verbose lifecycle kamashin_frontend_example@1.0.0~watch: CWD: /Users/aizawa/dev/kamakura_front
11 silly lifecycle kamashin_frontend_example@1.0.0~watch: Args: [ '-c', 'node node_modules/gulp/bin/gulp.js' ]
12 silly lifecycle kamashin_frontend_example@1.0.0~watch: Returned: code: 1  signal: null
13 info lifecycle kamashin_frontend_example@1.0.0~watch: Failed to exec watch script
14 verbose stack Error: kamashin_frontend_example@1.0.0 watch: `node node_modules/gulp/bin/gulp.js`
14 verbose stack Exit status 1
14 verbose stack     at EventEmitter.<anonymous> (/Users/aizawa/.nvm/versions/node/v6.2.2/lib/node_modules/npm/lib/utils/lifecycle.js:245:16)
14 verbose stack     at emitTwo (events.js:106:13)
14 verbose stack     at EventEmitter.emit (events.js:191:7)
14 verbose stack     at ChildProcess.<anonymous> (/Users/aizawa/.nvm/versions/node/v6.2.2/lib/node_modules/npm/lib/utils/spawn.js:24:14)
14 verbose stack     at emitTwo (events.js:106:13)
14 verbose stack     at ChildProcess.emit (events.js:191:7)
14 verbose stack     at maybeClose (internal/child_process.js:852:16)
14 verbose stack     at Process.ChildProcess._handle.onexit (internal/child_process.js:215:5)
15 verbose pkgid kamashin_frontend_example@1.0.0
16 verbose cwd /Users/aizawa/dev/kamakura_front
17 error Darwin 16.7.0
18 error argv "/Users/aizawa/.nvm/versions/node/v6.2.2/bin/node" "/Users/aizawa/.nvm/versions/node/v6.2.2/bin/npm" "run" "watch"
19 error node v6.2.2
20 error npm  v3.9.5
21 error code ELIFECYCLE
22 error kamashin_frontend_example@1.0.0 watch: `node node_modules/gulp/bin/gulp.js`
22 error Exit status 1
23 error Failed at the kamashin_frontend_example@1.0.0 watch script 'node node_modules/gulp/bin/gulp.js'.
23 error Make sure you have the latest version of node.js and npm installed.
23 error If you do, this is most likely a problem with the kamashin_frontend_example package,
23 error not with npm itself.
23 error Tell the author that this fails on your system:
23 error     node node_modules/gulp/bin/gulp.js
23 error You can get information on how to open an issue for this project with:
23 error     npm bugs kamashin_frontend_example
23 error Or if that isn't available, you can get their info via:
23 error     npm owner ls kamashin_frontend_example
23 error There is likely additional logging output above.
24 verbose exit [ 1, true ]
